In file included from ../src/bufferutil.cc:15:
../../nan/nan.h:206:9: error: no template named 'Handle' in namespace 'v8'
  , v8::Handle<v8::String> opt, bool def
    ~~~~^
../../nan/nan.h:221:9: error: no template named 'Handle' in namespace 'v8'
  , v8::Handle<v8::String> opt
    ~~~~^
../../nan/nan.h:228:9: error: no template named 'Handle' in namespace 'v8'
  , v8::Handle<v8::String> opt
    ~~~~^
../../nan/nan.h:333:3: warning: inline variables are a C++17 extension [-Wc++17-extensions]
  NAN_INLINE v8::Local<v8::Signature> NanNew(
  ^
../../nan/nan.h:164:21: note: expanded from macro 'NAN_INLINE'
# define NAN_INLINE inline __attribute__((always_inline))
                    ^
../../nan/nan.h:333:3: warning: 'always_inline' attribute only applies to functions [-Wignored-attributes]
../../nan/nan.h:164:43: note: expanded from macro 'NAN_INLINE'
# define NAN_INLINE inline __attribute__((always_inline))
                                          ^
../../nan/nan.h:333:39: error: redefinition of 'NanNew' as different kind of symbol
  NAN_INLINE v8::Local<v8::Signature> NanNew(
                                      ^
../../nan/nan.h:328:27: note: previous definition is here
  NAN_INLINE v8::Local<T> NanNew(P arg1) {
                          ^
../../nan/nan.h:334:11: error: no member named 'Handle' in namespace 'v8'
      v8::Handle<v8::FunctionTemplate> receiver
      ~~~~^
../../nan/nan.h:334:38: error: expected '(' for function-style cast or type construction
      v8::Handle<v8::FunctionTemplate> receiver
                 ~~~~~~~~~~~~~~~~~~~~^
../../nan/nan.h:334:40: error: use of undeclared identifier 'receiver'
      v8::Handle<v8::FunctionTemplate> receiver
                                       ^
../../nan/nan.h:335:11: error: expected '(' for function-style cast or type construction
    , int argc
      ~~~ ^
../../nan/nan.h:336:11: error: no member named 'Handle' in namespace 'v8'
    , v8::Handle<v8::FunctionTemplate> argv[] = 0) {
      ~~~~^
../../nan/nan.h:336:38: error: expected '(' for function-style cast or type construction
    , v8::Handle<v8::FunctionTemplate> argv[] = 0) {
                 ~~~~~~~~~~~~~~~~~~~~^
../../nan/nan.h:336:45: error: expected expression
    , v8::Handle<v8::FunctionTemplate> argv[] = 0) {
                                            ^
../../nan/nan.h:336:40: error: use of undeclared identifier 'argv'
    , v8::Handle<v8::FunctionTemplate> argv[] = 0) {
                                       ^
../../nan/nan.h:336:51: error: expected ';' at end of declaration
    , v8::Handle<v8::FunctionTemplate> argv[] = 0) {
                                                  ^
                                                  ;
../../nan/nan.h:336:52: error: expected unqualified-id
    , v8::Handle<v8::FunctionTemplate> argv[] = 0) {
                                                   ^
../../nan/nan.h:343:11: error: no template named 'Handle' in namespace 'v8'
    , v8::Handle<v8::Value> data = v8::Handle<v8::Value>()
      ~~~~^
../../nan/nan.h:343:40: error: no member named 'Handle' in namespace 'v8'
    , v8::Handle<v8::Value> data = v8::Handle<v8::Value>()
                                   ~~~~^
../../nan/nan.h:343:56: error: expected '(' for function-style cast or type construction
    , v8::Handle<v8::Value> data = v8::Handle<v8::Value>()
                                              ~~~~~~~~~^
../../nan/nan.h:343:58: error: expected expression
    , v8::Handle<v8::Value> data = v8::Handle<v8::Value>()
                                                         ^
../../nan/nan.h:344:11: error: no template named 'Handle' in namespace 'v8'
    , v8::Handle<v8::Signature> signature = v8::Handle<v8::Signature>()) {
      ~~~~^
fatal error: too many errors emitted, stopping now [-ferror-limit=]
2 warnings and 20 errors generated.
make: *** [Release/obj.target/bufferutil/src/bufferutil.o] Error 1
